

Processing Rails::InfoController#properties (for 127.0.0.1 at 2010-02-01 10:32:13) [GET]
  [4;36;1mSQL (0.4ms)[0m   [0;1m SELECT name
 FROM sqlite_master
 WHERE type = 'table' AND NOT name = 'sqlite_sequence'
[0m
Completed in 87ms (View: 10, DB: 0) | 200 OK [http://localhost/rails/info/properties]
  [4;36;1mSQL (0.2ms)[0m   [0;1m SELECT name
 FROM sqlite_master
 WHERE type = 'table' AND NOT name = 'sqlite_sequence'
[0m
  [4;35;1mSQL (0.1ms)[0m   [0mselect sqlite_version(*)[0m
  [4;36;1mSQL (1.7ms)[0m   [0;1mCREATE TABLE "schema_migrations" ("version" varchar(255) NOT NULL) [0m
  [4;35;1mSQL (1.3ms)[0m   [0mCREATE UNIQUE INDEX "unique_schema_migrations" ON "schema_migrations" ("version")[0m
  [4;36;1mSQL (0.2ms)[0m   [0;1m SELECT name
 FROM sqlite_master
 WHERE type = 'table' AND NOT name = 'sqlite_sequence'
[0m
  [4;35;1mSQL (0.1ms)[0m   [0mSELECT version FROM schema_migrations[0m
Migrating to CreateTransactions (20100201161539)
  [4;36;1mSQL (0.5ms)[0m   [0;1mCREATE TABLE "transactions" ("id" INTEGER PRIMARY KEY AUTOINCREMENT NOT NULL, "amount" integer, "to" varchar(255), "from" varchar(255), "created_at" datetime, "updated_at" datetime) [0m
  [4;35;1mSQL (0.1ms)[0m   [0mINSERT INTO schema_migrations (version) VALUES ('20100201161539')[0m
  [4;36;1mSQL (0.3ms)[0m   [0;1m SELECT name
 FROM sqlite_master
 WHERE type = 'table' AND NOT name = 'sqlite_sequence'
[0m
  [4;35;1mSQL (0.1ms)[0m   [0mSELECT version FROM schema_migrations[0m
  [4;36;1mSQL (0.2ms)[0m   [0;1m SELECT name
 FROM sqlite_master
 WHERE type = 'table' AND NOT name = 'sqlite_sequence'
[0m
  [4;35;1mSQL (0.1ms)[0m   [0mPRAGMA index_list("transactions")[0m


Processing TransactionsController#index (for 127.0.0.1 at 2010-02-01 18:18:41) [GET]
  [4;36;1mTransaction Load (0.4ms)[0m   [0;1mSELECT * FROM "transactions" [0m
Rendering template within layouts/transactions
Rendering transactions/index
Completed in 370ms (View: 366, DB: 0) | 200 OK [http://localhost/transactions]


Processing TransactionsController#new (for 127.0.0.1 at 2010-02-01 18:18:45) [GET]
Rendering template within layouts/transactions
Rendering transactions/new
Completed in 14ms (View: 10, DB: 0) | 200 OK [http://localhost/transactions/new]


Processing TransactionsController#index (for 127.0.0.1 at 2010-02-01 18:18:50) [GET]
  [4;35;1mTransaction Load (0.3ms)[0m   [0mSELECT * FROM "transactions" [0m
Rendering template within layouts/transactions
Rendering transactions/index
Completed in 5ms (View: 1, DB: 0) | 200 OK [http://localhost/transactions]
  [4;36;1mSQL (0.4ms)[0m   [0;1m SELECT name
 FROM sqlite_master
 WHERE type = 'table' AND NOT name = 'sqlite_sequence'
[0m
  [4;35;1mSQL (0.1ms)[0m   [0mSELECT version FROM schema_migrations[0m
Migrating to CreateTransactions (20100201161539)
Migrating to ChangeAmountToDecimal (20100201162708)
  [4;36;1mSQL (0.1ms)[0m   [0;1mselect sqlite_version(*)[0m
  [4;35;1mSQL (0.6ms)[0m   [0mCREATE TEMPORARY TABLE "altered_transactions" ("id" INTEGER PRIMARY KEY AUTOINCREMENT NOT NULL, "amount" integer, "to" varchar(255), "from" varchar(255), "created_at" datetime, "updated_at" datetime) [0m
  [4;36;1mSQL (0.0ms)[0m   [0;1mPRAGMA index_list("transactions")[0m
  [4;35;1mSQL (0.4ms)[0m   [0mDROP TABLE "transactions"[0m
  [4;36;1mSQL (0.2ms)[0m   [0;1mCREATE TABLE "transactions" ("id" INTEGER PRIMARY KEY AUTOINCREMENT NOT NULL, "amount" decimal NOT NULL, "to" varchar(255), "from" varchar(255), "created_at" datetime, "updated_at" datetime) [0m
  [4;35;1mSQL (0.0ms)[0m   [0mPRAGMA index_list("altered_transactions")[0m
  [4;36;1mSQL (0.4ms)[0m   [0;1mDROP TABLE "altered_transactions"[0m
  [4;35;1mSQL (0.1ms)[0m   [0mINSERT INTO schema_migrations (version) VALUES ('20100201162708')[0m
  [4;36;1mSQL (0.3ms)[0m   [0;1m SELECT name
 FROM sqlite_master
 WHERE type = 'table' AND NOT name = 'sqlite_sequence'
[0m
  [4;35;1mSQL (0.1ms)[0m   [0mSELECT version FROM schema_migrations[0m
  [4;36;1mSQL (0.1ms)[0m   [0;1m SELECT name
 FROM sqlite_master
 WHERE type = 'table' AND NOT name = 'sqlite_sequence'
[0m
  [4;35;1mSQL (0.0ms)[0m   [0mPRAGMA index_list("transactions")[0m


Processing TransactionsController#new (for 127.0.0.1 at 2010-02-01 18:37:26) [GET]
Rendering template within layouts/transactions
Rendering transactions/new
Completed in 9ms (View: 5, DB: 0) | 200 OK [http://localhost/transactions/new]


Processing TransactionsController#new (for 127.0.0.1 at 2010-02-01 18:37:28) [GET]
Rendering template within layouts/transactions
Rendering transactions/new
Completed in 9ms (View: 5, DB: 0) | 200 OK [http://localhost/transactions/new]


Processing TransactionsController#index (for 127.0.0.1 at 2010-02-01 18:37:35) [GET]
  [4;36;1mTransaction Load (0.3ms)[0m   [0;1mSELECT * FROM "transactions" [0m
Rendering template within layouts/transactions
Rendering transactions/index
Completed in 5ms (View: 1, DB: 0) | 200 OK [http://localhost/transactions]


<<<<<<< HEAD
Processing TransactionsController#index (for 127.0.0.1 at 2010-02-02 11:27:39) [GET]
  Parameters: {"action"=>"index", "controller"=>"transactions"}

NameError (undefined local variable or method `login_path' for #<TransactionsController:0x1223868>):
  app/controllers/application_controller.rb:22:in `is_authenticated?'

Rendered rescues/_trace (105.5ms)
Rendered rescues/_request_and_response (1.3ms)
Rendering rescues/layout (internal_server_error)


Processing ApplicationController#index (for 127.0.0.1 at 2010-02-02 11:28:03) [GET]

ActionController::RoutingError (No route matches "/login" with {:method=>:get}):
  

Rendering rescues/layout (not_found)
  [4;36;1mSQL (0.9ms)[0m   [0;1m SELECT name
 FROM sqlite_master
 WHERE type = 'table' AND NOT name = 'sqlite_sequence'
[0m
  [4;35;1mSQL (0.2ms)[0m   [0mSELECT version FROM schema_migrations[0m
Migrating to CreateTransactions (20100201161539)
Migrating to ChangeAmountToDecimal (20100201162708)
Migrating to CreateUsers (20100202093128)
  [4;36;1mSQL (0.1ms)[0m   [0;1mselect sqlite_version(*)[0m
  [4;35;1mSQL (0.6ms)[0m   [0mCREATE TABLE "users" ("id" INTEGER PRIMARY KEY AUTOINCREMENT NOT NULL, "username" varchar(255), "firstname" varchar(255), "lastname" varchar(255), "email" varchar(255), "phone_number" varchar(255), "hashed_password" varchar(255), "created_at" datetime, "updated_at" datetime) [0m
  [4;36;1mSQL (0.5ms)[0m   [0;1mINSERT INTO schema_migrations (version) VALUES ('20100202093128')[0m
  [4;35;1mSQL (0.6ms)[0m   [0m SELECT name
 FROM sqlite_master
 WHERE type = 'table' AND NOT name = 'sqlite_sequence'
[0m
  [4;36;1mSQL (0.9ms)[0m   [0;1mSELECT version FROM schema_migrations[0m
  [4;35;1mSQL (0.3ms)[0m   [0m SELECT name
 FROM sqlite_master
 WHERE type = 'table' AND NOT name = 'sqlite_sequence'
[0m
  [4;36;1mSQL (0.1ms)[0m   [0;1mPRAGMA index_list("transactions")[0m
  [4;35;1mSQL (0.1ms)[0m   [0mPRAGMA index_list("users")[0m


Processing ApplicationController#index (for 127.0.0.1 at 2010-02-02 11:39:02) [GET]

ActionController::RoutingError (No route matches "/login" with {:method=>:get}):
  

Rendering rescues/layout (not_found)


Processing ApplicationController#index (for 127.0.0.1 at 2010-02-02 11:39:03) [GET]

ActionController::RoutingError (No route matches "/login" with {:method=>:get}):
  

Rendering rescues/layout (not_found)


Processing ApplicationController#index (for 127.0.0.1 at 2010-02-02 11:39:10) [GET]

ActionController::RoutingError (No route matches "/users" with {:method=>:get}):
  

Rendering rescues/layout (not_found)


Processing ApplicationController#index (for 127.0.0.1 at 2010-02-02 11:39:13) [GET]

ActionController::RoutingError (No route matches "/user" with {:method=>:get}):
  

Rendering rescues/layout (not_found)


Processing ApplicationController#index (for 127.0.0.1 at 2010-02-02 12:24:03) [GET]

ActionController::RoutingError (No route matches "/users" with {:method=>:get}):
  

Rendering rescues/layout (not_found)


Processing UsersController#index (for 127.0.0.1 at 2010-02-02 12:30:40) [GET]
  Parameters: {"action"=>"index", "controller"=>"users"}

NameError (uninitialized constant UsersController::NewsFeed):
  app/controllers/users_controller.rb:7:in `index'

Rendered rescues/_trace (32.0ms)
Rendered rescues/_request_and_response (1.3ms)
Rendering rescues/layout (internal_server_error)


Processing UsersController#index (for 127.0.0.1 at 2010-02-02 12:31:06) [GET]
  Parameters: {"action"=>"index", "controller"=>"users"}

ActionView::MissingTemplate (Missing template users/index.erb in view path app/views):
  

Rendering rescues/layout (internal_server_error)


Processing UsersController#index (for 127.0.0.1 at 2010-02-02 12:35:32) [GET]
  Parameters: {"action"=>"index", "controller"=>"users"}
Rendering template within layouts/application
Rendering users/index

ActionView::TemplateError (undefined local variable or method `session_url' for #<ActionView::Base:0x2447ee0>) on line #3 of app/views/users/index.html.erb:
1: <h2>Login</h2>
2: 
3: <% form_for @user, :url=>session_url do |f| %>
4: 	<%= f.label :username %>
5: 	<%= f.text_field :username %><br />
6: 

    app/views/users/index.html.erb:3

Rendered rescues/_trace (98.7ms)
Rendered rescues/_request_and_response (0.2ms)
Rendering rescues/layout (internal_server_error)
=======
Processing Rails::InfoController#properties (for 127.0.0.1 at 2010-02-01 18:58:30) [GET]
  [4;35;1mSQL (0.4ms)[0m   [0m SELECT name
 FROM sqlite_master
 WHERE type = 'table' AND NOT name = 'sqlite_sequence'
[0m
  [4;36;1mSQL (0.1ms)[0m   [0;1mSELECT version FROM schema_migrations[0m
Completed in 13ms (View: 2, DB: 1) | 200 OK [http://localhost/rails/info/properties]


Processing TransactionsController#index (for 127.0.0.1 at 2010-02-01 18:58:44) [GET]
  [4;35;1mTransaction Load (0.3ms)[0m   [0mSELECT * FROM "transactions" [0m
Rendering template within layouts/transactions
Rendering transactions/index
Completed in 5ms (View: 1, DB: 0) | 200 OK [http://localhost/transactions]


Processing TransactionsController#new (for 127.0.0.1 at 2010-02-01 18:58:46) [GET]
Rendering template within layouts/transactions
Rendering transactions/new
Completed in 10ms (View: 5, DB: 0) | 200 OK [http://localhost/transactions/new]


Processing TransactionsController#index (for 127.0.0.1 at 2010-02-01 19:01:14) [GET]
  [4;36;1mTransaction Load (0.3ms)[0m   [0;1mSELECT * FROM "transactions" [0m
Rendering template within layouts/transactions
Rendering transactions/index
Completed in 5ms (View: 1, DB: 0) | 200 OK [http://localhost/transactions]
>>>>>>> ba41a9cccf1e58095550307e3e6ef1e0c85e9bd5
  [4;36;1mSQL (0.6ms)[0m   [0;1m SELECT name
 FROM sqlite_master
 WHERE type = 'table' AND NOT name = 'sqlite_sequence'
[0m
  [4;35;1mSQL (0.4ms)[0m   [0m SELECT name
 FROM sqlite_master
 WHERE type = 'table' AND NOT name = 'sqlite_sequence'
[0m
  [4;36;1mSQL (0.6ms)[0m   [0;1m SELECT name
 FROM sqlite_master
 WHERE type = 'table' AND NOT name = 'sqlite_sequence'
[0m
  [4;35;1mSQL (0.3ms)[0m   [0mSELECT version FROM schema_migrations[0m
Migrating to ChangeAmountToDecimal (20100201162708)
Migrating to CreateUsers (20100202093128)
Migrating to CreateTransactions (20100202112429)
  [4;36;1mSQL (0.1ms)[0m   [0;1mselect sqlite_version(*)[0m
  [4;35;1mSQL (0.0ms)[0m   [0mSQLite3::SQLException: table "transactions" already exists: CREATE TABLE "transactions" ("id" INTEGER PRIMARY KEY AUTOINCREMENT NOT NULL, "sum" decimal, "description" varchar(255), "created_at" datetime, "updated_at" datetime) [0m
  [4;36;1mSQL (0.5ms)[0m   [0;1m SELECT name
 FROM sqlite_master
 WHERE type = 'table' AND NOT name = 'sqlite_sequence'
[0m
  [4;35;1mSQL (0.2ms)[0m   [0mSELECT version FROM schema_migrations[0m
Migrating to ChangeAmountToDecimal (20100201162708)
Migrating to CreateUsers (20100202093128)
Migrating to CreateTransactions (20100202112429)
  [4;36;1mSQL (0.1ms)[0m   [0;1mselect sqlite_version(*)[0m
  [4;36;1mSQL (0.5ms)[0m   [0;1m SELECT name
 FROM sqlite_master
 WHERE type = 'table' AND NOT name = 'sqlite_sequence'
[0m
  [4;35;1mSQL (0.2ms)[0m   [0mSELECT version FROM schema_migrations[0m
Migrating to ChangeAmountToDecimal (20100201162708)
Migrating to CreateUsers (20100202093128)
Migrating to CreateTransactions (20100202112429)
  [4;36;1mSQL (0.1ms)[0m   [0;1mselect sqlite_version(*)[0m
  [4;35;1mSQL (0.5ms)[0m   [0mDROP TABLE "transactions"[0m
  [4;36;1mSQL (0.1ms)[0m   [0;1mINSERT INTO schema_migrations (version) VALUES ('20100202112429')[0m
  [4;35;1mSQL (0.5ms)[0m   [0m SELECT name
 FROM sqlite_master
 WHERE type = 'table' AND NOT name = 'sqlite_sequence'
[0m
  [4;36;1mSQL (0.4ms)[0m   [0;1mSELECT version FROM schema_migrations[0m
  [4;35;1mSQL (0.4ms)[0m   [0m SELECT name
 FROM sqlite_master
 WHERE type = 'table' AND NOT name = 'sqlite_sequence'
[0m
  [4;36;1mSQL (0.1ms)[0m   [0;1mPRAGMA index_list("users")[0m
  [4;36;1mSQL (0.5ms)[0m   [0;1m SELECT name
 FROM sqlite_master
 WHERE type = 'table' AND NOT name = 'sqlite_sequence'
[0m
  [4;36;1mSQL (0.5ms)[0m   [0;1m SELECT name
 FROM sqlite_master
 WHERE type = 'table' AND NOT name = 'sqlite_sequence'
[0m
  [4;35;1mSQL (0.3ms)[0m   [0mSELECT version FROM schema_migrations[0m
Migrating to ChangeAmountToDecimal (20100201162708)
Migrating to CreateUsers (20100202093128)
Migrating to CreateTransactions (20100202112429)
Migrating to CreateNewTransactions (20100202113533)
  [4;36;1mSQL (0.1ms)[0m   [0;1mselect sqlite_version(*)[0m
  [4;36;1mSQL (0.5ms)[0m   [0;1m SELECT name
 FROM sqlite_master
 WHERE type = 'table' AND NOT name = 'sqlite_sequence'
[0m
  [4;35;1mSQL (0.3ms)[0m   [0mSELECT version FROM schema_migrations[0m
Migrating to ChangeAmountToDecimal (20100201162708)
Migrating to CreateUsers (20100202093128)
Migrating to CreateTransactions (20100202112429)
Migrating to CreateNewTransactions (20100202113533)
  [4;36;1mSQL (0.1ms)[0m   [0;1mselect sqlite_version(*)[0m
  [4;36;1mSQL (0.5ms)[0m   [0;1m SELECT name
 FROM sqlite_master
 WHERE type = 'table' AND NOT name = 'sqlite_sequence'
[0m
  [4;35;1mSQL (0.3ms)[0m   [0mSELECT version FROM schema_migrations[0m
Migrating to ChangeAmountToDecimal (20100201162708)
Migrating to CreateUsers (20100202093128)
Migrating to CreateTransactions (20100202112429)
Migrating to CreateNewTransactions (20100202113533)
  [4;36;1mSQL (0.1ms)[0m   [0;1mselect sqlite_version(*)[0m
  [4;35;1mSQL (0.5ms)[0m   [0mCREATE TABLE "transactions" ("id" INTEGER PRIMARY KEY AUTOINCREMENT NOT NULL, "amount" decimal, "description" varchar(255), "created_at" datetime, "updated_at" datetime) [0m
  [4;36;1mSQL (0.1ms)[0m   [0;1mINSERT INTO schema_migrations (version) VALUES ('20100202113533')[0m
  [4;35;1mSQL (0.3ms)[0m   [0m SELECT name
 FROM sqlite_master
 WHERE type = 'table' AND NOT name = 'sqlite_sequence'
[0m
  [4;36;1mSQL (0.3ms)[0m   [0;1mSELECT version FROM schema_migrations[0m
  [4;35;1mSQL (0.2ms)[0m   [0m SELECT name
 FROM sqlite_master
 WHERE type = 'table' AND NOT name = 'sqlite_sequence'
[0m
  [4;36;1mSQL (0.1ms)[0m   [0;1mPRAGMA index_list("transactions")[0m
  [4;35;1mSQL (0.1ms)[0m   [0mPRAGMA index_list("users")[0m
  [4;36;1mSQL (0.5ms)[0m   [0;1m SELECT name
 FROM sqlite_master
 WHERE type = 'table' AND NOT name = 'sqlite_sequence'
[0m
  [4;36;1mSQL (0.5ms)[0m   [0;1m SELECT name
 FROM sqlite_master
 WHERE type = 'table' AND NOT name = 'sqlite_sequence'
[0m
  [4;35;1mSQL (0.3ms)[0m   [0mSELECT version FROM schema_migrations[0m
Migrating to ChangeAmountToDecimal (20100201162708)
Migrating to CreateUsers (20100202093128)
Migrating to CreateTransactions (20100202112429)
Migrating to CreateNewTransactions (20100202113533)
Migrating to AddColumnsToTransactions (20100202114019)
  [4;36;1mSQL (0.1ms)[0m   [0;1mselect sqlite_version(*)[0m
  [4;35;1mSQL (0.5ms)[0m   [0mALTER TABLE "transactions" ADD "to" varchar(255)[0m
  [4;36;1mSQL (0.2ms)[0m   [0;1mALTER TABLE "transactions" ADD "from" varchar(255)[0m
  [4;35;1mSQL (0.2ms)[0m   [0mALTER TABLE "transactions" ADD "rank" integer[0m
  [4;36;1mSQL (0.1ms)[0m   [0;1mINSERT INTO schema_migrations (version) VALUES ('20100202114019')[0m
  [4;35;1mSQL (0.4ms)[0m   [0m SELECT name
 FROM sqlite_master
 WHERE type = 'table' AND NOT name = 'sqlite_sequence'
[0m
  [4;36;1mSQL (0.3ms)[0m   [0;1mSELECT version FROM schema_migrations[0m
  [4;35;1mSQL (0.2ms)[0m   [0m SELECT name
 FROM sqlite_master
 WHERE type = 'table' AND NOT name = 'sqlite_sequence'
[0m
  [4;36;1mSQL (0.1ms)[0m   [0;1mPRAGMA index_list("transactions")[0m
  [4;35;1mSQL (0.0ms)[0m   [0mPRAGMA index_list("users")[0m
  [4;36;1mSQL (0.6ms)[0m   [0;1m SELECT name
 FROM sqlite_master
 WHERE type = 'table' AND NOT name = 'sqlite_sequence'
[0m
  [4;36;1mSQL (0.6ms)[0m   [0;1m SELECT name
 FROM sqlite_master
 WHERE type = 'table' AND NOT name = 'sqlite_sequence'
[0m


Processing UsersController#index (for 127.0.0.1 at 2010-02-03 12:07:22) [GET]
  Parameters: {"action"=>"index", "controller"=>"users"}
Rendering template within layouts/application
Rendering users/index

ActionView::TemplateError (undefined local variable or method `session_url' for #<ActionView::Base:0x116e3f0>) on line #3 of app/views/users/index.html.erb:
1: <h2>Login</h2>
2: 
3: <% form_for @user, :url=>session_url do |f| %>
4: 	<%= f.label :username %>
5: 	<%= f.text_field :username %><br />
6: 

    app/views/users/index.html.erb:3

Rendered rescues/_trace (42.8ms)
Rendered rescues/_request_and_response (1.3ms)
Rendering rescues/layout (internal_server_error)


Processing TransactionsController#index (for 127.0.0.1 at 2010-02-03 12:08:15) [GET]
  Parameters: {"action"=>"index", "controller"=>"transactions"}
Redirected to http://localhost:3000/login
Filter chain halted as [:is_authenticated?] rendered_or_redirected.
Completed in 1ms (DB: 0) | 302 Found [http://localhost/transactions]


Processing UsersController#index (for 127.0.0.1 at 2010-02-03 12:08:15) [GET]
  Parameters: {"action"=>"index", "controller"=>"users"}
Rendering template within layouts/application
Rendering users/index

ActionView::TemplateError (undefined local variable or method `session_url' for #<ActionView::Base:0x23f76e8>) on line #3 of app/views/users/index.html.erb:
1: <h2>Login</h2>
2: 
3: <% form_for @user, :url=>session_url do |f| %>
4: 	<%= f.label :username %>
5: 	<%= f.text_field :username %><br />
6: 

    app/views/users/index.html.erb:3

Rendered rescues/_trace (100.3ms)
Rendered rescues/_request_and_response (0.2ms)
Rendering rescues/layout (internal_server_error)


Processing UsersController#index (for 127.0.0.1 at 2010-02-03 12:09:11) [GET]
  Parameters: {"action"=>"index", "controller"=>"users"}
Rendering template within layouts/application
Rendering users/index

ActionView::TemplateError (undefined local variable or method `javascript_for_validatious' for #<ActionView::Base:0x252aa38>) on line #11 of app/views/layouts/application.html.erb:
8:   <%= stylesheet_link_tag "application" %>
9: 
10:   <%= javascript_include_tag 'XMLHttpRequest' ,'v2.standalone.full.min', 'v2.config', 'v2.rails' %>
11:  <!-- <%= javascript_for_validatious %>-->
12:   <%= javascript_include_tag :defaults %>
13:   
14: </head>

    app/views/layouts/application.html.erb:11

Rendered rescues/_trace (37.1ms)
Rendered rescues/_request_and_response (0.3ms)
Rendering rescues/layout (internal_server_error)


Processing UsersController#index (for 127.0.0.1 at 2010-02-03 12:09:49) [GET]
  Parameters: {"action"=>"index", "controller"=>"users"}
Rendering template within layouts/application
Rendering users/index

ActionView::TemplateError (undefined method `logged_in?' for #<ActionView::Base:0x23a2468>) on line #18 of app/views/layouts/application.html.erb:
15: 
16: 	<div style="float:left; width: 50%;"><h1><%= link_to "Home", root_path %></h1>
17: 	<h2><%= t :hello %></h2>
18: 	<% if logged_in? %>
19: 		<p>Welcome, <%= link_to current_user.username, edit_user_path(current_user) %> (<%= link_to "logout", logout_path %>)</p>
20: 	<% end %>
21: 	

    app/views/layouts/application.html.erb:18

Rendered rescues/_trace (102.1ms)
Rendered rescues/_request_and_response (0.3ms)
Rendering rescues/layout (internal_server_error)


Processing UsersController#index (for 127.0.0.1 at 2010-02-03 12:11:13) [GET]
  Parameters: {"action"=>"index", "controller"=>"users"}
Rendering template within layouts/application
Rendering users/index

ActionView::TemplateError (undefined local variable or method `page_generation_timestamp' for #<ActionView::Base:0x24a0a54>) on line #22 of app/views/layouts/application.html.erb:
19: </div>
20: <hr/>
21: 	
22: 	<p>This page was generated at <%= page_generation_timestamp %></p>
23: 
24: </body>
25: </html>

    app/views/layouts/application.html.erb:22

Rendered rescues/_trace (38.0ms)
Rendered rescues/_request_and_response (0.2ms)
Rendering rescues/layout (internal_server_error)


Processing UsersController#index (for 127.0.0.1 at 2010-02-03 12:11:23) [GET]
  Parameters: {"action"=>"index", "controller"=>"users"}
Rendering template within layouts/application
Rendering users/index
Completed in 76ms (View: 68, DB: 0) | 200 OK [http://localhost/login]


Processing ApplicationController#index (for 127.0.0.1 at 2010-02-03 12:11:23) [GET]

ActionController::RoutingError (No route matches "/stylesheets/application.css" with {:method=>:get}):
  

Rendering rescues/layout (not_found)


Processing ApplicationController#index (for 127.0.0.1 at 2010-02-03 12:11:23) [GET]

ActionController::RoutingError (No route matches "/javascripts/XMLHttpRequest.js" with {:method=>:get}):
  

Rendering rescues/layout (not_found)


Processing ApplicationController#index (for 127.0.0.1 at 2010-02-03 12:11:23) [GET]

ActionController::RoutingError (No route matches "/javascripts/v2.standalone.full.min" with {:method=>:get}):
  

Rendering rescues/layout (not_found)


Processing ApplicationController#index (for 127.0.0.1 at 2010-02-03 12:11:23) [GET]

ActionController::RoutingError (No route matches "/javascripts/v2.config" with {:method=>:get}):
  

Rendering rescues/layout (not_found)


Processing ApplicationController#index (for 127.0.0.1 at 2010-02-03 12:11:23) [GET]

ActionController::RoutingError (No route matches "/javascripts/v2.rails" with {:method=>:get}):
  

Rendering rescues/layout (not_found)


Processing ApplicationController#index (for 127.0.0.1 at 2010-02-03 12:11:23) [GET]

ActionController::RoutingError (No route matches "/javascripts/v2.config" with {:method=>:get}):
  

Rendering rescues/layout (not_found)


Processing ApplicationController#index (for 127.0.0.1 at 2010-02-03 12:11:23) [GET]

ActionController::RoutingError (No route matches "/javascripts/v2.rails" with {:method=>:get}):
  

Rendering rescues/layout (not_found)


Processing TransactionsController#index (for 127.0.0.1 at 2010-02-03 12:11:30) [GET]
  Parameters: {"action"=>"index", "controller"=>"transactions"}
Redirected to http://localhost:3000/login
Filter chain halted as [:is_authenticated?] rendered_or_redirected.
Completed in 1ms (DB: 0) | 302 Found [http://localhost/transactions]


Processing UsersController#index (for 127.0.0.1 at 2010-02-03 12:11:30) [GET]
  Parameters: {"action"=>"index", "controller"=>"users"}
Rendering template within layouts/application
Rendering users/index
Completed in 12ms (View: 4, DB: 0) | 200 OK [http://localhost/login]


Processing ApplicationController#index (for 127.0.0.1 at 2010-02-03 12:11:30) [GET]

ActionController::RoutingError (No route matches "/stylesheets/application.css" with {:method=>:get}):
  

Rendering rescues/layout (not_found)


Processing ApplicationController#index (for 127.0.0.1 at 2010-02-03 12:11:30) [GET]

ActionController::RoutingError (No route matches "/javascripts/XMLHttpRequest.js" with {:method=>:get}):
  

Rendering rescues/layout (not_found)


Processing ApplicationController#index (for 127.0.0.1 at 2010-02-03 12:11:30) [GET]

ActionController::RoutingError (No route matches "/javascripts/v2.standalone.full.min" with {:method=>:get}):
  

Rendering rescues/layout (not_found)


Processing ApplicationController#index (for 127.0.0.1 at 2010-02-03 12:11:30) [GET]

ActionController::RoutingError (No route matches "/javascripts/v2.config" with {:method=>:get}):
  

Rendering rescues/layout (not_found)


Processing ApplicationController#index (for 127.0.0.1 at 2010-02-03 12:11:30) [GET]

ActionController::RoutingError (No route matches "/javascripts/v2.rails" with {:method=>:get}):
  

Rendering rescues/layout (not_found)


Processing TransactionsController#index (for 127.0.0.1 at 2010-02-03 12:11:53) [GET]
  Parameters: {"action"=>"index", "controller"=>"transactions"}

ActionController::UnknownAction (No action responded to index. Actions: ):
  

Rendering rescues/layout (not_found)


Processing UsersController#index (for 127.0.0.1 at 2010-02-03 12:12:03) [GET]
  Parameters: {"action"=>"index", "controller"=>"users"}
Rendering template within layouts/application
Rendering users/index
Completed in 12ms (View: 4, DB: 0) | 200 OK [http://localhost/users]


Processing ApplicationController#index (for 127.0.0.1 at 2010-02-03 12:12:03) [GET]

ActionController::RoutingError (No route matches "/stylesheets/application.css" with {:method=>:get}):
  

Rendering rescues/layout (not_found)


Processing ApplicationController#index (for 127.0.0.1 at 2010-02-03 12:12:03) [GET]

ActionController::RoutingError (No route matches "/javascripts/XMLHttpRequest.js" with {:method=>:get}):
  

Rendering rescues/layout (not_found)


Processing ApplicationController#index (for 127.0.0.1 at 2010-02-03 12:12:03) [GET]

ActionController::RoutingError (No route matches "/javascripts/v2.standalone.full.min" with {:method=>:get}):
  

Rendering rescues/layout (not_found)


Processing ApplicationController#index (for 127.0.0.1 at 2010-02-03 12:12:03) [GET]

ActionController::RoutingError (No route matches "/javascripts/v2.config" with {:method=>:get}):
  

Rendering rescues/layout (not_found)


Processing ApplicationController#index (for 127.0.0.1 at 2010-02-03 12:12:03) [GET]

ActionController::RoutingError (No route matches "/javascripts/v2.rails" with {:method=>:get}):
  

Rendering rescues/layout (not_found)


Processing UsersController#index (for 127.0.0.1 at 2010-02-03 13:40:10) [GET]
  Parameters: {"action"=>"index", "controller"=>"users"}
Rendering template within layouts/application
Rendering users/index
Completed in 17ms (View: 8, DB: 0) | 200 OK [http://localhost/users]


Processing ApplicationController#index (for 127.0.0.1 at 2010-02-03 13:40:10) [GET]

ActionController::RoutingError (No route matches "/stylesheets/application.css" with {:method=>:get}):
  

Rendering rescues/layout (not_found)


Processing ApplicationController#index (for 127.0.0.1 at 2010-02-03 13:40:10) [GET]

ActionController::RoutingError (No route matches "/javascripts/XMLHttpRequest.js" with {:method=>:get}):
  

Rendering rescues/layout (not_found)


Processing ApplicationController#index (for 127.0.0.1 at 2010-02-03 13:40:10) [GET]

ActionController::RoutingError (No route matches "/javascripts/v2.standalone.full.min" with {:method=>:get}):
  

Rendering rescues/layout (not_found)


Processing ApplicationController#index (for 127.0.0.1 at 2010-02-03 13:40:10) [GET]

ActionController::RoutingError (No route matches "/javascripts/v2.config" with {:method=>:get}):
  

Rendering rescues/layout (not_found)


Processing ApplicationController#index (for 127.0.0.1 at 2010-02-03 13:40:10) [GET]

ActionController::RoutingError (No route matches "/javascripts/v2.rails" with {:method=>:get}):
  

Rendering rescues/layout (not_found)


Processing UsersController#index (for 127.0.0.1 at 2010-02-03 13:40:43) [GET]
  Parameters: {"action"=>"index", "controller"=>"users"}
Rendering template within layouts/application
Rendering users/index
Completed in 16ms (View: 8, DB: 0) | 200 OK [http://localhost/users]


Processing ApplicationController#index (for 127.0.0.1 at 2010-02-03 13:40:43) [GET]

ActionController::RoutingError (No route matches "/stylesheets/application.css" with {:method=>:get}):
  

Rendering rescues/layout (not_found)


Processing ApplicationController#index (for 127.0.0.1 at 2010-02-03 13:40:43) [GET]

ActionController::RoutingError (No route matches "/javascripts/XMLHttpRequest.js" with {:method=>:get}):
  

Rendering rescues/layout (not_found)


Processing ApplicationController#index (for 127.0.0.1 at 2010-02-03 13:40:43) [GET]

ActionController::RoutingError (No route matches "/javascripts/v2.standalone.full.min" with {:method=>:get}):
  

Rendering rescues/layout (not_found)


Processing ApplicationController#index (for 127.0.0.1 at 2010-02-03 13:40:43) [GET]

ActionController::RoutingError (No route matches "/javascripts/v2.config" with {:method=>:get}):
  

Rendering rescues/layout (not_found)


Processing ApplicationController#index (for 127.0.0.1 at 2010-02-03 13:40:43) [GET]

ActionController::RoutingError (No route matches "/javascripts/v2.rails" with {:method=>:get}):
  

Rendering rescues/layout (not_found)


Processing UsersController#new (for 127.0.0.1 at 2010-02-03 13:41:10) [GET]
  Parameters: {"action"=>"new", "controller"=>"users"}

ActionView::MissingTemplate (Missing template users/new.erb in view path app/views):
  

Rendering rescues/layout (internal_server_error)


Processing ApplicationController#index (for 127.0.0.1 at 2010-02-03 13:46:35) [GET]

ActionController::RoutingError (No route matches "/rails/info/properties" with {:method=>:get}):
  

Rendering rescues/layout (not_found)


Processing UsersController#index (for 127.0.0.1 at 2010-02-03 13:46:42) [GET]
  Parameters: {"action"=>"index", "controller"=>"users"}
Rendering template within layouts/application
Rendering users/index
Completed in 38ms (View: 22, DB: 0) | 200 OK [http://localhost/users]


Processing ApplicationController#index (for 127.0.0.1 at 2010-02-03 13:46:42) [GET]

ActionController::RoutingError (No route matches "/stylesheets/application.css" with {:method=>:get}):
  

Rendering rescues/layout (not_found)


Processing ApplicationController#index (for 127.0.0.1 at 2010-02-03 13:46:42) [GET]

ActionController::RoutingError (No route matches "/javascripts/XMLHttpRequest.js" with {:method=>:get}):
  

Rendering rescues/layout (not_found)


Processing ApplicationController#index (for 127.0.0.1 at 2010-02-03 13:46:42) [GET]

ActionController::RoutingError (No route matches "/javascripts/v2.standalone.full.min" with {:method=>:get}):
  

Rendering rescues/layout (not_found)


Processing ApplicationController#index (for 127.0.0.1 at 2010-02-03 13:46:42) [GET]

ActionController::RoutingError (No route matches "/javascripts/v2.config" with {:method=>:get}):
  

Rendering rescues/layout (not_found)


Processing ApplicationController#index (for 127.0.0.1 at 2010-02-03 13:46:42) [GET]

ActionController::RoutingError (No route matches "/javascripts/v2.rails" with {:method=>:get}):
  

Rendering rescues/layout (not_found)


Processing UsersController#index (for 127.0.0.1 at 2010-02-03 13:52:17) [GET]
  Parameters: {"action"=>"index", "controller"=>"users"}
Rendering template within layouts/application
Rendering users/index
Completed in 37ms (View: 21, DB: 0) | 200 OK [http://localhost/users]


Processing ApplicationController#index (for 127.0.0.1 at 2010-02-03 13:52:17) [GET]

ActionController::RoutingError (No route matches "/stylesheets/application.css" with {:method=>:get}):
  

Rendering rescues/layout (not_found)


Processing ApplicationController#index (for 127.0.0.1 at 2010-02-03 13:52:17) [GET]

ActionController::RoutingError (No route matches "/javascripts/XMLHttpRequest.js" with {:method=>:get}):
  

Rendering rescues/layout (not_found)


Processing ApplicationController#index (for 127.0.0.1 at 2010-02-03 13:52:17) [GET]

ActionController::RoutingError (No route matches "/javascripts/v2.standalone.full.min" with {:method=>:get}):
  

Rendering rescues/layout (not_found)


Processing ApplicationController#index (for 127.0.0.1 at 2010-02-03 13:52:17) [GET]

ActionController::RoutingError (No route matches "/javascripts/v2.config" with {:method=>:get}):
  

Rendering rescues/layout (not_found)


Processing ApplicationController#index (for 127.0.0.1 at 2010-02-03 13:52:17) [GET]

ActionController::RoutingError (No route matches "/javascripts/v2.rails" with {:method=>:get}):
  

Rendering rescues/layout (not_found)


Processing UsersController#index (for 127.0.0.1 at 2010-02-03 13:52:17) [GET]
  Parameters: {"action"=>"index", "controller"=>"users"}
Rendering template within layouts/application
Rendering users/index
Completed in 11ms (View: 4, DB: 0) | 200 OK [http://localhost/users]


Processing ApplicationController#index (for 127.0.0.1 at 2010-02-03 13:52:17) [GET]

ActionController::RoutingError (No route matches "/stylesheets/application.css" with {:method=>:get}):
  

Rendering rescues/layout (not_found)


Processing ApplicationController#index (for 127.0.0.1 at 2010-02-03 13:52:17) [GET]

ActionController::RoutingError (No route matches "/javascripts/XMLHttpRequest.js" with {:method=>:get}):
  

Rendering rescues/layout (not_found)


Processing ApplicationController#index (for 127.0.0.1 at 2010-02-03 13:52:17) [GET]

ActionController::RoutingError (No route matches "/javascripts/v2.standalone.full.min" with {:method=>:get}):
  

Rendering rescues/layout (not_found)


Processing ApplicationController#index (for 127.0.0.1 at 2010-02-03 13:52:17) [GET]

ActionController::RoutingError (No route matches "/javascripts/v2.config" with {:method=>:get}):
  

Rendering rescues/layout (not_found)


Processing ApplicationController#index (for 127.0.0.1 at 2010-02-03 13:52:17) [GET]

ActionController::RoutingError (No route matches "/javascripts/v2.rails" with {:method=>:get}):
  

Rendering rescues/layout (not_found)


Processing UsersController#index (for 127.0.0.1 at 2010-02-03 13:52:28) [GET]
  Parameters: {"action"=>"index", "controller"=>"users"}
Rendering template within layouts/application
Rendering users/index
Completed in 12ms (View: 4, DB: 0) | 200 OK [http://localhost/users]


Processing ApplicationController#index (for 127.0.0.1 at 2010-02-03 13:52:28) [GET]

ActionController::RoutingError (No route matches "/stylesheets/application.css" with {:method=>:get}):
  

Rendering rescues/layout (not_found)


Processing ApplicationController#index (for 127.0.0.1 at 2010-02-03 13:52:28) [GET]

ActionController::RoutingError (No route matches "/javascripts/XMLHttpRequest.js" with {:method=>:get}):
  

Rendering rescues/layout (not_found)


Processing ApplicationController#index (for 127.0.0.1 at 2010-02-03 13:52:28) [GET]

ActionController::RoutingError (No route matches "/javascripts/v2.config" with {:method=>:get}):
  

Rendering rescues/layout (not_found)


Processing ApplicationController#index (for 127.0.0.1 at 2010-02-03 13:52:28) [GET]

ActionController::RoutingError (No route matches "/javascripts/v2.standalone.full.min" with {:method=>:get}):
  

Rendering rescues/layout (not_found)


Processing ApplicationController#index (for 127.0.0.1 at 2010-02-03 13:52:28) [GET]

ActionController::RoutingError (No route matches "/javascripts/v2.rails" with {:method=>:get}):
  

Rendering rescues/layout (not_found)


Processing ApplicationController#index (for 127.0.0.1 at 2010-02-03 13:52:28) [GET]

ActionController::RoutingError (No route matches "/javascripts/v2.config" with {:method=>:get}):
  

Rendering rescues/layout (not_found)


Processing ApplicationController#index (for 127.0.0.1 at 2010-02-03 13:52:28) [GET]

ActionController::RoutingError (No route matches "/javascripts/v2.rails" with {:method=>:get}):
  

Rendering rescues/layout (not_found)


Processing UsersController#index (for 127.0.0.1 at 2010-02-03 13:55:00) [GET]
  Parameters: {"action"=>"index", "controller"=>"users"}
Rendering template within layouts/application
Rendering users/index
Completed in 12ms (View: 4, DB: 0) | 200 OK [http://localhost/]


Processing ApplicationController#index (for 127.0.0.1 at 2010-02-03 13:55:00) [GET]

ActionController::RoutingError (No route matches "/stylesheets/application.css" with {:method=>:get}):
  

Rendering rescues/layout (not_found)


Processing ApplicationController#index (for 127.0.0.1 at 2010-02-03 13:55:00) [GET]

ActionController::RoutingError (No route matches "/javascripts/XMLHttpRequest.js" with {:method=>:get}):
  

Rendering rescues/layout (not_found)


Processing ApplicationController#index (for 127.0.0.1 at 2010-02-03 13:55:00) [GET]

ActionController::RoutingError (No route matches "/javascripts/v2.standalone.full.min" with {:method=>:get}):
  

Rendering rescues/layout (not_found)


Processing ApplicationController#index (for 127.0.0.1 at 2010-02-03 13:55:00) [GET]

ActionController::RoutingError (No route matches "/javascripts/v2.config" with {:method=>:get}):
  

Rendering rescues/layout (not_found)


Processing ApplicationController#index (for 127.0.0.1 at 2010-02-03 13:55:00) [GET]

ActionController::RoutingError (No route matches "/javascripts/v2.rails" with {:method=>:get}):
  

Rendering rescues/layout (not_found)


Processing UsersController#index (for 127.0.0.1 at 2010-02-03 13:58:23) [GET]
  Parameters: {"action"=>"index", "controller"=>"users"}
Rendering template within layouts/application
Rendering users/index
Completed in 39ms (View: 31, DB: 0) | 200 OK [http://localhost/]


Processing ApplicationController#index (for 127.0.0.1 at 2010-02-03 13:58:23) [GET]

ActionController::RoutingError (No route matches "/stylesheets/application.css" with {:method=>:get}):
  

Rendering rescues/layout (not_found)


Processing ApplicationController#index (for 127.0.0.1 at 2010-02-03 13:58:23) [GET]

ActionController::RoutingError (No route matches "/javascripts/XMLHttpRequest.js" with {:method=>:get}):
  

Rendering rescues/layout (not_found)


Processing ApplicationController#index (for 127.0.0.1 at 2010-02-03 13:58:23) [GET]

ActionController::RoutingError (No route matches "/javascripts/v2.standalone.full.min" with {:method=>:get}):
  

Rendering rescues/layout (not_found)


Processing ApplicationController#index (for 127.0.0.1 at 2010-02-03 13:58:23) [GET]

ActionController::RoutingError (No route matches "/javascripts/v2.config" with {:method=>:get}):
  

Rendering rescues/layout (not_found)


Processing ApplicationController#index (for 127.0.0.1 at 2010-02-03 13:58:23) [GET]

ActionController::RoutingError (No route matches "/javascripts/v2.rails" with {:method=>:get}):
  

Rendering rescues/layout (not_found)


Processing SessionsController#create (for 127.0.0.1 at 2010-02-03 13:58:26) [POST]
  Parameters: {"user"=>{"username"=>"", "password"=>"[FILTERED]"}, "commit"=>"Log in", "action"=>"create", "authenticity_token"=>"WtP0OGKeoQGWUpnwh4GjJfkfSjbRhFSLcdmTrxbRThU=", "controller"=>"sessions"}
  [4;36;1mUser Load (24.3ms)[0m   [0;1mSELECT * FROM "users" WHERE ("users"."username" = '') LIMIT 1[0m
Redirected to http://localhost:3000/login
Completed in 33ms (DB: 24) | 302 Found [http://localhost/session]


Processing UsersController#index (for 127.0.0.1 at 2010-02-03 13:58:26) [GET]
  Parameters: {"action"=>"index", "controller"=>"users"}
Rendering template within layouts/application
Rendering users/index
Completed in 15ms (View: 8, DB: 0) | 200 OK [http://localhost/login]


Processing ApplicationController#index (for 127.0.0.1 at 2010-02-03 13:58:26) [GET]

ActionController::RoutingError (No route matches "/stylesheets/application.css" with {:method=>:get}):
  

Rendering rescues/layout (not_found)


Processing ApplicationController#index (for 127.0.0.1 at 2010-02-03 13:58:26) [GET]

ActionController::RoutingError (No route matches "/javascripts/XMLHttpRequest.js" with {:method=>:get}):
  

Rendering rescues/layout (not_found)


Processing ApplicationController#index (for 127.0.0.1 at 2010-02-03 13:58:26) [GET]

ActionController::RoutingError (No route matches "/javascripts/v2.standalone.full.min" with {:method=>:get}):
  

Rendering rescues/layout (not_found)


Processing ApplicationController#index (for 127.0.0.1 at 2010-02-03 13:58:26) [GET]

ActionController::RoutingError (No route matches "/javascripts/v2.rails" with {:method=>:get}):
  

Rendering rescues/layout (not_found)


Processing ApplicationController#index (for 127.0.0.1 at 2010-02-03 13:58:26) [GET]

ActionController::RoutingError (No route matches "/javascripts/v2.config" with {:method=>:get}):
  

Rendering rescues/layout (not_found)


Processing ApplicationController#index (for 127.0.0.1 at 2010-02-03 13:58:26) [GET]

ActionController::RoutingError (No route matches "/javascripts/v2.rails" with {:method=>:get}):
  

Rendering rescues/layout (not_found)


Processing SessionsController#create (for 127.0.0.1 at 2010-02-03 13:58:29) [POST]
  Parameters: {"user"=>{"username"=>"", "password"=>"[FILTERED]"}, "commit"=>"Log in", "action"=>"create", "authenticity_token"=>"WtP0OGKeoQGWUpnwh4GjJfkfSjbRhFSLcdmTrxbRThU=", "controller"=>"sessions"}
  [4;35;1mUser Load (0.1ms)[0m   [0mSELECT * FROM "users" WHERE ("users"."username" = '') LIMIT 1[0m
Redirected to http://localhost:3000/login
Completed in 8ms (DB: 0) | 302 Found [http://localhost/session]


Processing UsersController#index (for 127.0.0.1 at 2010-02-03 13:58:29) [GET]
  Parameters: {"action"=>"index", "controller"=>"users"}
Rendering template within layouts/application
Rendering users/index
Completed in 15ms (View: 8, DB: 0) | 200 OK [http://localhost/login]


Processing ApplicationController#index (for 127.0.0.1 at 2010-02-03 13:58:29) [GET]

ActionController::RoutingError (No route matches "/stylesheets/application.css" with {:method=>:get}):
  

Rendering rescues/layout (not_found)


Processing ApplicationController#index (for 127.0.0.1 at 2010-02-03 13:58:29) [GET]

ActionController::RoutingError (No route matches "/javascripts/XMLHttpRequest.js" with {:method=>:get}):
  

Rendering rescues/layout (not_found)


Processing ApplicationController#index (for 127.0.0.1 at 2010-02-03 13:58:29) [GET]

ActionController::RoutingError (No route matches "/javascripts/v2.standalone.full.min" with {:method=>:get}):
  

Rendering rescues/layout (not_found)


Processing ApplicationController#index (for 127.0.0.1 at 2010-02-03 13:58:29) [GET]

ActionController::RoutingError (No route matches "/javascripts/v2.config" with {:method=>:get}):
  

Rendering rescues/layout (not_found)


Processing ApplicationController#index (for 127.0.0.1 at 2010-02-03 13:58:29) [GET]

ActionController::RoutingError (No route matches "/javascripts/v2.rails" with {:method=>:get}):
  

Rendering rescues/layout (not_found)


Processing SessionsController#create (for 127.0.0.1 at 2010-02-03 13:58:38) [POST]
  Parameters: {"user"=>{"username"=>"Joonas", "password"=>"[FILTERED]"}, "commit"=>"Log in", "action"=>"create", "authenticity_token"=>"WtP0OGKeoQGWUpnwh4GjJfkfSjbRhFSLcdmTrxbRThU=", "controller"=>"sessions"}
  [4;36;1mUser Load (0.2ms)[0m   [0;1mSELECT * FROM "users" WHERE ("users"."username" = 'Joonas') LIMIT 1[0m
Redirected to http://localhost:3000/login
Completed in 9ms (DB: 0) | 302 Found [http://localhost/session]


Processing UsersController#index (for 127.0.0.1 at 2010-02-03 13:58:38) [GET]
  Parameters: {"action"=>"index", "controller"=>"users"}
Rendering template within layouts/application
Rendering users/index
Completed in 72ms (View: 65, DB: 0) | 200 OK [http://localhost/login]


Processing ApplicationController#index (for 127.0.0.1 at 2010-02-03 13:58:38) [GET]

ActionController::RoutingError (No route matches "/stylesheets/application.css" with {:method=>:get}):
  

Rendering rescues/layout (not_found)


Processing ApplicationController#index (for 127.0.0.1 at 2010-02-03 13:58:38) [GET]

ActionController::RoutingError (No route matches "/javascripts/XMLHttpRequest.js" with {:method=>:get}):
  

Rendering rescues/layout (not_found)


Processing ApplicationController#index (for 127.0.0.1 at 2010-02-03 13:58:38) [GET]

ActionController::RoutingError (No route matches "/javascripts/v2.standalone.full.min" with {:method=>:get}):
  

Rendering rescues/layout (not_found)


Processing ApplicationController#index (for 127.0.0.1 at 2010-02-03 13:58:38) [GET]

ActionController::RoutingError (No route matches "/javascripts/v2.config" with {:method=>:get}):
  

Rendering rescues/layout (not_found)


Processing ApplicationController#index (for 127.0.0.1 at 2010-02-03 13:58:38) [GET]

ActionController::RoutingError (No route matches "/javascripts/v2.rails" with {:method=>:get}):
  

Rendering rescues/layout (not_found)
